============================================================
 Offline NixOS generation switch + rollback proof
 Host: nixos   User: nixos
Fri Jun 19 03:50:58 PM UTC 2026
============================================================

[1/5] ONLINE: set baseline to Generation A (no cowsay).
building the system configuration...
these 7 derivations will be built:
  /nix/store/qi3rjxhiy93b6p14c21fzs8bw6gf4ayh-nix.conf.drv
  /nix/store/6jmjmx4p46848idxcri3smg368aaydvn-X-Restart-Triggers-nix-daemon.drv
  /nix/store/snafwasl2skgb4p155b5izmikdn8rm1z-unit-nix-daemon.service.drv
  /nix/store/syr5ddkd6cl0bsnsqfaxjjgxv8mzjrs9-system-units.drv
  /nix/store/pkvyw603xm4k3nb2xs5vyn6kjv2d1w1w-etc.drv
  /nix/store/shn5jcf6n8bvv1z8rw4kcv41107asnyx-activate.drv
  /nix/store/g46wfaxmj7pfz6l3l27hx3qwm5xwx7ky-nixos-system-nixos-26.05.20260611.a037402.drv
building '/nix/store/qi3rjxhiy93b6p14c21fzs8bw6gf4ayh-nix.conf.drv'...
building '/nix/store/6jmjmx4p46848idxcri3smg368aaydvn-X-Restart-Triggers-nix-daemon.drv'...
building '/nix/store/snafwasl2skgb4p155b5izmikdn8rm1z-unit-nix-daemon.service.drv'...
building '/nix/store/syr5ddkd6cl0bsnsqfaxjjgxv8mzjrs9-system-units.drv'...
building '/nix/store/pkvyw603xm4k3nb2xs5vyn6kjv2d1w1w-etc.drv'...
building '/nix/store/shn5jcf6n8bvv1z8rw4kcv41107asnyx-activate.drv'...
building '/nix/store/g46wfaxmj7pfz6l3l27hx3qwm5xwx7ky-nixos-system-nixos-26.05.20260611.a037402.drv'...
Checking switch inhibitors... done
activating the configuration...
setting up /run/booted-system...
setting up /bin...
setting up /sbin...
setting up /etc...
setting up /sbin/init shim...
reloading user units for nixos...
restarting the following user units: nixos-activation.service
restarting sysinit-reactivation.target
the following new units were started: sysinit-reactivation.target, systemd-tmpfiles-resetup.service
Done. The new configuration is /nix/store/2gi12943zbmnahjvz8xhipngvf0w0bd9-nixos-system-nixos-26.05.20260611.a037402
      cowsay present? -> no (correct)

[2/5] ONLINE: pre-stage Generation B's closure into local /nix/store (build only).
building the system configuration...
these 4 derivations will be built:
  /nix/store/glaihsz7adm4vvfh67kajfkgjx4b3bn3-system-units.drv
  /nix/store/ljrbpnf7dw5yf659jhzpr077hl0nsvi9-etc.drv
  /nix/store/nv28791wnqkiva32ch1fjy31mk7ks4g9-activate.drv
  /nix/store/8sh6a8xivcdsyckn0jqvi0ksddrddzqf-nixos-system-nixos-26.05.20260611.a037402.drv
building '/nix/store/glaihsz7adm4vvfh67kajfkgjx4b3bn3-system-units.drv'...
building '/nix/store/ljrbpnf7dw5yf659jhzpr077hl0nsvi9-etc.drv'...
building '/nix/store/nv28791wnqkiva32ch1fjy31mk7ks4g9-activate.drv'...
building '/nix/store/8sh6a8xivcdsyckn0jqvi0ksddrddzqf-nixos-system-nixos-26.05.20260611.a037402.drv'...
Done. The new configuration is /nix/store/bm03l9kpy3bivwfqqsxqm9zyhxbdyagv-nixos-system-nixos-26.05.20260611.a037402

[3/5] PROOF OF STAGING: build Gen B again with the network FORBIDDEN.
building the system configuration...
Done. The new configuration is /nix/store/bm03l9kpy3bivwfqqsxqm9zyhxbdyagv-nixos-system-nixos-26.05.20260611.a037402
      -> succeeded with --offline, nothing was missing locally.

[4/5] OFFLINE: switch to Generation B with the network FORBIDDEN.
building the system configuration...
Checking switch inhibitors... done
activating the configuration...
setting up /run/booted-system...
setting up /bin...
setting up /sbin...
setting up /etc...
setting up /sbin/init shim...
reloading user units for nixos...
restarting the following user units: nixos-activation.service
restarting sysinit-reactivation.target
reloading the following units: dbus-broker.service
Done. The new configuration is /nix/store/bm03l9kpy3bivwfqqsxqm9zyhxbdyagv-nixos-system-nixos-26.05.20260611.a037402
      cowsay present? -> yes (correct)
 _______________________
< offline switch worked >
 -----------------------
        \   ^__^
         \  (oo)\_______
            (__)\       )\/\
                ||----w |
                ||     ||

[5/5] OFFLINE: roll back to the previous generation (A).
      Pure local activation: no network, no rebuild, no flake evaluation.
switching profile from version 6 to 5
Checking switch inhibitors... done
activating the configuration...
setting up /run/booted-system...
setting up /bin...
setting up /sbin...
setting up /etc...
setting up /sbin/init shim...
reloading user units for nixos...
restarting the following user units: nixos-activation.service
restarting sysinit-reactivation.target
reloading the following units: dbus-broker.service
      cowsay present? -> gone (correct, rollback worked)

------------------------------------------------------------
Generation history:
   1   1970-01-01 00:00:01   
   2   2026-06-19 15:02:33   
   3   2026-06-19 15:27:51   
   4   2026-06-19 15:28:21   
   5   2026-06-19 15:51:12   (current)
   6   2026-06-19 15:51:36   
------------------------------------------------------------
Fri Jun 19 03:51:40 PM UTC 2026
DONE. Proof log saved to: offline-proof-20260619-155058.log
